<?xml version="1.0" encoding="UTF-8"?>
<!-- Generated by org.testng.reporters.JUnitReportReporter -->
<testsuite hostname="DESKTOP-S8EMU8D" name="Execution.HomePage" tests="7" failures="0" timestamp="2 Dec 2020 04:57:03 GMT" time="44.865" errors="0">
  <testcase name="clickOnBuy" time="0.326" classname="Execution.HomePage"/>
  <testcase name="searchProduct" time="1.827" classname="Execution.HomePage"/>
  <testcase name="checkingProductDetails" time="0.608" classname="Execution.HomePage"/>
  <testcase name="searchNoOfProducts" time="15.351" classname="Execution.HomePage"/>
  <testcase name="Login" time="12.830" classname="Execution.HomePage"/>
  <testcase name="setAddress" time="5.618" classname="Execution.HomePage"/>
  <testcase name="setPincode" time="8.305" classname="Execution.HomePage"/>
</testsuite> <!-- Execution.HomePage -->
