<?xml version="1.0" encoding="UTF-8"?>
<!-- Generated by org.testng.reporters.JUnitReportReporter -->
<testsuite skipped="0" hostname="DESKTOP-S8EMU8D" name="Execution.HomePage" tests="7" failures="0" timestamp="2021-01-05T23:51:02 IST" time="42.997" errors="0">
  <testcase name="checkingProductDetails" time="0.506" classname="Execution.HomePage"/>
  <system-out/>
  <testcase name="setPincode" time="9.648" classname="Execution.HomePage"/>
  <system-out/>
  <testcase name="setAddress" time="7.641" classname="Execution.HomePage"/>
  <system-out/>
  <testcase name="searchProduct" time="2.452" classname="Execution.HomePage"/>
  <system-out/>
  <testcase name="searchNoOfProducts" time="6.715" classname="Execution.HomePage"/>
  <system-out/>
  <testcase name="Login" time="15.757" classname="Execution.HomePage"/>
  <system-out/>
  <testcase name="clickOnBuy" time="0.278" classname="Execution.HomePage"/>
  <system-out/>
</testsuite> <!-- Execution.HomePage -->
